<?xml version="1.0"?><coverage lines-covered="23974" lines-valid="29771" line-rate="0.805280306338383" branches-covered="0" branches-valid="0" branch-rate="0" complexity="0" version="1.9" timestamp="1772682792"><sources><source>/Users/ivo/selfware</source></sources><packages><package name="experiments/selfware-longrun-mega/project/mega-workspace/crates/storage/src" line-rate="0" branch-rate="0" complexity="0"><classes></classes></package><package name="src/session" line-rate="0.8939695162359178" branch-rate="0" complexity="0"><classes><class name="cache" filename="src/session/cache.rs" line-rate="0.8800904977375565" branch-rate="0" complexity="0"><methods/><lines><line number="47" hits="30"/><line number="48" hits="30"/><line number="51" hits="13"/><line number="52" hits="26"/><line number="53" hits="6"/><line number="54" hits="1"/><line number="55" hits="1"/><line number="56" hits="9"/><line number="70" hits="28"/><line number="72" hits="56"/><line number="73" hits="28"/><line number="79" hits="2"/><line number="81" hits="4"/><line number="88" hits="74"/><line number="90" hits="296"/><line number="91" hits="74"/><line number="95" hits="22"/><line number="96" hits="88"/><line number="97" hits="88"/><line number="98" hits="0"/><line number="99" hits="0"/><line number="102" hits="59"/><line number="103" hits="15"/><line number="105" hits="63"/><line number="106" hits="8"/><line number="107" hits="32"/><line number="109" hits="24"/><line number="110" hits="0"/><line number="113" hits="13"/><line number="116" hits="9"/><line number="120" hits="42"/><line number="121" hits="252"/><line number="125" hits="45"/><line number="126" hits="180"/><line number="129" hits="90"/><line number="131" hits="79"/><line number="132" hits="96"/><line number="133" hits="45"/><line number="137" hits="90"/><line number="143" hits="180"/><line number="144" hits="0"/><line number="145" hits="0"/><line number="148" hits="47"/><line number="149" hits="4"/><line number="151" hits="135"/><line number="156" hits="2"/><line number="157" hits="30"/><line number="160" hits="4"/><line number="161" hits="3"/><line number="163" hits="31"/><line number="165" hits="119"/><line number="168" hits="2"/><line number="169" hits="5"/><line number="170" hits="2"/><line number="176" hits="2"/><line number="177" hits="8"/><line number="178" hits="8"/><line number="179" hits="0"/><line number="180" hits="0"/><line number="182" hits="4"/><line number="186" hits="2"/><line number="187" hits="4"/><line number="188" hits="4"/><line number="189" hits="12"/><line number="194" hits="4"/><line number="195" hits="8"/><line number="196" hits="18"/><line number="201" hits="4"/><line number="202" hits="12"/><line number="203" hits="4"/><line number="208" hits="23"/><line number="209" hits="161"/><line number="212" hits="46"/><line number="213" hits="23"/><line number="219" hits="1"/><line number="220" hits="1"/><line number="233" hits="26"/><line number="234" hits="11"/><line number="235" hits="26"/><line number="247" hits="24"/><line number="248" hits="9"/><line number="249" hits="24"/><line number="485" hits="35"/><line number="527" hits="6"/><line number="528" hits="12"/><line number="529" hits="12"/><line number="530" hits="6"/><line number="534" hits="7"/><line number="535" hits="21"/><line number="536" hits="7"/><line number="539" hits="14"/><line number="555" hits="31"/><line number="558" hits="93"/><line number="559" hits="93"/><line number="560" hits="93"/><line number="561" hits="93"/><line number="562" hits="31"/><line number="567" hits="9"/><line number="573" hits="9"/><line number="576" hits="18"/><line number="577" hits="2"/><line number="580" hits="28"/><line number="581" hits="0"/><line number="582" hits="0"/><line number="584" hits="28"/><line number="585" hits="0"/><line number="586" hits="0"/><line number="590" hits="21"/><line number="591" hits="14"/><line number="594" hits="21"/><line number="595" hits="21"/><line number="596" hits="28"/><line number="597" hits="7"/><line number="598" hits="14"/><line number="600" hits="6"/><line number="604" hits="17"/><line number="605" hits="15"/><line number="607" hits="15"/><line number="608" hits="1"/><line number="612" hits="4"/><line number="613" hits="8"/><line number="614" hits="12"/><line number="616" hits="4"/><line number="620" hits="2"/><line number="621" hits="2"/><line number="625" hits="31"/><line number="626" hits="93"/><line number="627" hits="62"/><line number="630" hits="37"/><line number="631" hits="9"/><line number="636" hits="62"/><line number="638" hits="118"/><line number="642" hits="37"/><line number="643" hits="3"/><line number="646" hits="93"/><line number="647" hits="62"/><line number="648" hits="124"/><line number="652" hits="62"/><line number="654" hits="34"/><line number="655" hits="6"/><line number="657" hits="93"/><line number="660" hits="31"/><line number="664" hits="3"/><line number="665" hits="9"/><line number="667" hits="36"/><line number="669" hits="66"/><line number="672" hits="9"/><line number="673" hits="9"/><line number="675" hits="6"/><line number="676" hits="3"/><line number="679" hits="9"/><line number="680" hits="12"/><line number="681" hits="6"/><line number="685" hits="6"/><line number="686" hits="28"/><line number="691" hits="4"/><line number="692" hits="12"/><line number="693" hits="8"/><line number="694" hits="10"/><line number="695" hits="9"/><line number="696" hits="6"/><line number="699" hits="8"/><line number="700" hits="16"/><line number="705" hits="2"/><line number="706" hits="4"/><line number="710" hits="2"/><line number="711" hits="2"/><line number="715" hits="16"/><line number="716" hits="16"/><line number="720" hits="22"/><line number="721" hits="22"/><line number="723" hits="22"/><line number="724" hits="0"/><line number="725" hits="0"/><line number="731" hits="3"/><line number="733" hits="12"/><line number="734" hits="0"/><line number="735" hits="0"/><line number="737" hits="3"/><line number="740" hits="12"/><line number="741" hits="0"/><line number="742" hits="0"/><line number="744" hits="3"/><line number="746" hits="3"/><line number="751" hits="15"/><line number="752" hits="30"/><line number="761" hits="43"/><line number="762" hits="577"/><line number="763" hits="43"/><line number="764" hits="338"/><line number="765" hits="129"/><line number="774" hits="22"/><line number="775" hits="108"/><line number="776" hits="2"/><line number="779" hits="268"/><line number="792" hits="12"/><line number="794" hits="36"/><line number="795" hits="12"/><line number="800" hits="10"/><line number="801" hits="40"/><line number="802" hits="0"/><line number="803" hits="0"/><line number="805" hits="40"/><line number="809" hits="4"/><line number="810" hits="16"/><line number="811" hits="0"/><line number="812" hits="0"/><line number="815" hits="12"/><line number="816" hits="16"/><line number="817" hits="24"/><line number="818" hits="6"/><line number="819" hits="9"/><line number="821" hits="6"/><line number="825" hits="4"/><line number="829" hits="2"/><line number="830" hits="4"/><line number="831" hits="8"/><line number="836" hits="1"/><line number="837" hits="3"/><line number="838" hits="1"/><line number="843" hits="6"/><line number="844" hits="36"/><line number="849" hits="2"/><line number="850" hits="2"/><line number="883" hits="44"/><line number="885" hits="88"/><line number="886" hits="88"/><line number="887" hits="88"/><line number="888" hits="44"/><line number="893" hits="35"/><line number="895" hits="70"/><line number="896" hits="35"/><line number="897" hits="105"/><line number="898" hits="105"/><line number="899" hits="105"/><line number="903" hits="140"/><line number="904" hits="0"/><line number="905" hits="0"/><line number="907" hits="105"/><line number="908" hits="35"/><line number="912" hits="105"/><line number="913" hits="105"/><line number="914" hits="70"/><line number="915" hits="35"/><line number="916" hits="35"/><line number="920" hits="35"/><line number="921" hits="0"/><line number="927" hits="62"/><line number="928" hits="124"/><line number="932" hits="32"/><line number="933" hits="96"/><line number="937" hits="16"/><line number="938" hits="48"/><line number="942" hits="14"/><line number="943" hits="28"/><line number="944" hits="14"/><line number="945" hits="12"/><line number="947" hits="8"/><line number="952" hits="4"/><line number="953" hits="4"/><line number="955" hits="4"/><line number="956" hits="0"/><line number="957" hits="0"/><line number="965" hits="12"/><line number="967" hits="36"/><line number="968" hits="36"/><line number="969" hits="36"/><line number="970" hits="12"/><line number="975" hits="2"/><line number="976" hits="6"/><line number="977" hits="6"/><line number="978" hits="6"/><line number="980" hits="8"/><line number="981" hits="0"/><line number="982" hits="0"/><line number="984" hits="2"/><line number="990" hits="1"/><line number="991" hits="1"/><line number="1035" hits="48"/><line number="1037" hits="96"/><line number="1038" hits="96"/><line number="1039" hits="96"/><line number="1040" hits="96"/><line number="1041" hits="48"/><line number="1046" hits="3072"/><line number="1047" hits="9216"/><line number="1051" hits="772"/><line number="1052" hits="2316"/><line number="1053" hits="1544"/><line number="1057" hits="2289"/><line number="1058" hits="6867"/><line number="1062" hits="35"/><line number="1063" hits="105"/><line number="1067" hits="772"/><line number="1068" hits="3088"/><line number="1069" hits="1544"/><line number="1070" hits="2604"/><line number="1071" hits="0"/><line number="1072" hits="0"/><line number="1075" hits="1953"/><line number="1076" hits="651"/><line number="1080" hits="1953"/><line number="1081" hits="1302"/><line number="1082" hits="1302"/><line number="1083" hits="651"/><line number="1087" hits="1451"/><line number="1088" hits="400"/><line number="1095" hits="693"/><line number="1096" hits="2079"/><line number="1100" hits="677"/><line number="1101" hits="2031"/><line number="1105" hits="22"/><line number="1106" hits="66"/><line number="1110" hits="16"/><line number="1111" hits="48"/><line number="1115" hits="670"/><line number="1116" hits="1340"/><line number="1117" hits="670"/><line number="1118" hits="659"/><line number="1120" hits="11"/><line number="1125" hits="3"/><line number="1126" hits="3"/><line number="1128" hits="3"/><line number="1129" hits="0"/><line number="1130" hits="0"/><line number="1138" hits="5"/><line number="1139" hits="10"/><line number="1140" hits="15"/><line number="1142" hits="10"/><line number="1143" hits="6"/><line number="1144" hits="6"/><line number="1145" hits="4"/><line number="1146" hits="2"/><line number="1150" hits="6"/><line number="1151" hits="3"/><line number="1152" hits="3"/><line number="1153" hits="2"/><line number="1154" hits="1"/><line number="1158" hits="15"/><line number="1159" hits="7"/><line number="1160" hits="3"/><line number="1161" hits="3"/><line number="1162" hits="2"/><line number="1163" hits="1"/><line number="1167" hits="5"/><line number="1171" hits="12"/><line number="1173" hits="36"/><line number="1174" hits="36"/><line number="1175" hits="36"/><line number="1176" hits="36"/><line number="1177" hits="12"/><line number="1182" hits="2"/><line number="1183" hits="6"/><line number="1184" hits="6"/><line number="1185" hits="6"/><line number="1186" hits="6"/><line number="1188" hits="8"/><line number="1189" hits="0"/><line number="1190" hits="0"/><line number="1192" hits="2"/><line number="1198" hits="1"/><line number="1199" hits="1"/><line number="1248" hits="45"/><line number="1250" hits="135"/><line number="1251" hits="135"/><line number="1252" hits="45"/><line number="1260" hits="15"/><line number="1261" hits="30"/><line number="1262" hits="45"/><line number="1264" hits="45"/><line number="1267" hits="15"/><line number="1268" hits="0"/><line number="1269" hits="0"/><line number="1270" hits="0"/><line number="1271" hits="0"/><line number="1277" hits="15"/><line number="1278" hits="0"/><line number="1279" hits="0"/><line number="1280" hits="0"/><line number="1281" hits="0"/><line number="1283" hits="0"/><line number="1284" hits="0"/><line number="1285" hits="0"/><line number="1286" hits="0"/><line number="1287" hits="0"/><line number="1288" hits="0"/><line number="1298" hits="15"/><line number="1299" hits="15"/><line number="1302" hits="60"/><line number="1307" hits="39"/><line number="1308" hits="78"/><line number="1309" hits="46"/><line number="1310" hits="30"/><line number="1312" hits="92"/><line number="1317" hits="118"/><line number="1318" hits="236"/><line number="1319" hits="236"/><line number="1320" hits="234"/><line number="1322" hits="137"/><line number="1323" hits="10"/><line number="1330" hits="16"/><line number="1331" hits="16"/><line number="1333" hits="64"/><line number="1338" hits="1"/><line number="1339" hits="2"/><line number="1340" hits="1"/><line number="1343" hits="4"/><line number="1345" hits="1"/><line number="1346" hits="0"/><line number="1347" hits="0"/><line number="1348" hits="0"/><line number="1349" hits="0"/><line number="1354" hits="0"/><line number="1357" hits="1"/><line number="1361" hits="5"/><line number="1362" hits="15"/><line number="1363" hits="5"/><line number="1365" hits="15"/><line number="1366" hits="5"/><line number="1368" hits="15"/><line number="1369" hits="5"/><line number="1375" hits="1"/><line number="1376" hits="1"/><line number="1396" hits="11"/><line number="1397" hits="33"/><line number="1398" hits="33"/><line number="1401" hits="22"/><line number="1408" hits="4"/><line number="1409" hits="4"/><line number="1413" hits="2"/><line number="1414" hits="4"/><line number="1415" hits="4"/><line number="1419" hits="2"/><line number="1420" hits="6"/><line number="1421" hits="6"/><line number="1425" hits="10"/><line number="1427" hits="30"/><line number="1428" hits="20"/><line number="1429" hits="20"/><line number="1430" hits="10"/><line number="1436" hits="10"/><line number="1437" hits="20"/></lines></class><class name="chat_store" filename="src/session/chat_store.rs" line-rate="0.8450704225352113" branch-rate="0" complexity="0"><methods/><lines><line number="48" hits="152"/><line number="49" hits="304"/><line number="50" hits="152"/><line number="53" hits="456"/><line number="54" hits="152"/><line number="58" hits="0"/><line number="60" hits="0"/><line number="65" hits="4"/><line number="67" hits="12"/><line number="70" hits="12"/><line number="71" hits="8"/><line number="72" hits="12"/><line number="73" hits="4"/><line number="75" hits="16"/><line number="76" hits="12"/><line number="78" hits="8"/><line number="79" hits="0"/><line number="81" hits="8"/><line number="86" hits="16"/><line number="88" hits="8"/><line number="92" hits="8"/><line number="94" hits="12"/><line number="96" hits="12"/><line number="98" hits="8"/><line number="99" hits="0"/><line number="100" hits="0"/><line number="103" hits="4"/><line number="107" hits="3"/><line number="108" hits="12"/><line number="109" hits="14"/><line number="111" hits="2"/><line number="114" hits="0"/><line number="117" hits="0"/><line number="119" hits="3"/><line number="122" hits="4"/><line number="123" hits="1"/><line number="127" hits="1"/><line number="128" hits="2"/><line number="129" hits="2"/><line number="130" hits="8"/><line number="131" hits="6"/><line number="132" hits="10"/><line number="133" hits="4"/><line number="134" hits="4"/><line number="136" hits="0"/><line number="137" hits="0"/><line number="139" hits="0"/><line number="143" hits="0"/><line number="147" hits="6"/><line number="150" hits="4"/><line number="151" hits="6"/><line number="152" hits="6"/><line number="153" hits="4"/><line number="154" hits="4"/><line number="155" hits="4"/><line number="156" hits="2"/><line number="164" hits="5"/><line number="165" hits="1"/><line number="169" hits="2"/><line number="170" hits="8"/><line number="171" hits="2"/><line number="172" hits="3"/><line number="173" hits="1"/><line number="175" hits="1"/><line number="180" hits="10"/><line number="182" hits="30"/><line number="184" hits="108"/><line number="185" hits="209"/><line number="186" hits="95"/><line number="188" hits="3"/><line number="192" hits="20"/></lines></class><class name="checkpoint" filename="src/session/checkpoint.rs" line-rate="0.8701923076923077" branch-rate="0" complexity="0"><methods/><lines><line number="38" hits="239"/><line number="39" hits="478"/><line number="40" hits="239"/><line number="44" hits="478"/><line number="45" hits="239"/><line number="46" hits="239"/><line number="50" hits="0"/><line number="51" hits="0"/><line number="53" hits="0"/><line number="54" hits="0"/><line number="60" hits="0"/><line number="65" hits="0"/><line number="67" hits="0"/><line number="75" hits="0"/><line number="79" hits="120"/><line number="81" hits="120"/><line number="82" hits="360"/><line number="84" hits="360"/><line number="86" hits="360"/><line number="87" hits="600"/><line number="88" hits="120"/><line number="89" hits="120"/><line number="90" hits="120"/><line number="95" hits="119"/><line number="97" hits="357"/><line number="100" hits="357"/><line number="102" hits="357"/><line number="103" hits="595"/><line number="105" hits="119"/><line number="106" hits="7"/><line number="112" hits="112"/><line number="119" hits="2"/><line number="120" hits="2"/><line number="223" hits="354"/><line number="224" hits="354"/><line number="225" hits="354"/><line number="229" hits="55"/><line number="230" hits="109"/><line number="231" hits="6"/><line number="234" hits="245"/><line number="235" hits="196"/><line number="236" hits="49"/><line number="237" hits="147"/><line number="238" hits="49"/><line number="239" hits="147"/><line number="240" hits="55"/><line number="243" hits="1"/><line number="245" hits="96"/><line number="246" hits="52"/><line number="250" hits="191"/><line number="251" hits="141"/><line number="253" hits="1"/><line number="255" hits="187"/><line number="256" hits="138"/><line number="258" hits="1"/><line number="260" hits="183"/><line number="261" hits="135"/><line number="263" hits="1"/><line number="265" hits="179"/><line number="266" hits="132"/><line number="268" hits="1"/><line number="271" hits="132"/><line number="272" hits="34"/><line number="273" hits="12"/><line number="274" hits="3"/><line number="275" hits="3"/><line number="276" hits="3"/><line number="277" hits="2"/><line number="278" hits="2"/><line number="279" hits="2"/><line number="281" hits="44"/><line number="282" hits="1"/><line number="285" hits="43"/><line number="286" hits="129"/><line number="287" hits="86"/><line number="288" hits="86"/><line number="289" hits="86"/><line number="290" hits="86"/><line number="291" hits="86"/><line number="292" hits="86"/><line number="293" hits="86"/><line number="294" hits="86"/><line number="295" hits="86"/><line number="296" hits="86"/><line number="297" hits="43"/><line number="298" hits="43"/><line number="303" hits="29"/><line number="304" hits="29"/><line number="305" hits="1"/><line number="307" hits="28"/><line number="308" hits="1"/><line number="309" hits="1"/><line number="310" hits="1"/><line number="311" hits="1"/><line number="315" hits="27"/><line number="316" hits="27"/><line number="318" hits="49"/><line number="319" hits="11"/><line number="321" hits="65"/><line number="322" hits="19"/><line number="324" hits="37"/><line number="325" hits="5"/><line number="327" hits="108"/><line number="328" hits="108"/><line number="329" hits="108"/><line number="330" hits="108"/><line number="332" hits="31"/><line number="333" hits="2"/><line number="335" hits="29"/><line number="336" hits="2"/><line number="339" hits="27"/><line number="358" hits="150"/><line number="359" hits="300"/><line number="369" hits="300"/><line number="370" hits="300"/><line number="372" hits="300"/><line number="373" hits="150"/><line number="379" hits="37"/><line number="381" hits="111"/><line number="382" hits="111"/><line number="383" hits="111"/><line number="384" hits="74"/><line number="385" hits="74"/><line number="386" hits="74"/><line number="387" hits="111"/><line number="388" hits="37"/><line number="393" hits="103"/><line number="394" hits="309"/><line number="395" hits="206"/><line number="399" hits="39"/><line number="400" hits="117"/><line number="401" hits="78"/><line number="402" hits="78"/><line number="403" hits="39"/><line number="404" hits="39"/><line number="406" hits="78"/><line number="410" hits="80"/><line number="411" hits="80"/><line number="412" hits="160"/><line number="416" hits="33"/><line number="417" hits="33"/><line number="418" hits="66"/><line number="422" hits="37"/><line number="423" hits="37"/><line number="424" hits="74"/><line number="428" hits="35"/><line number="429" hits="70"/><line number="430" hits="70"/><line number="434" hits="27"/><line number="435" hits="27"/><line number="436" hits="54"/><line number="452" hits="203"/><line number="454" hits="203"/><line number="455" hits="9"/><line number="456" hits="0"/><line number="462" hits="203"/><line number="466" hits="152"/><line number="467" hits="304"/><line number="468" hits="304"/><line number="469" hits="304"/><line number="473" hits="260"/><line number="474" hits="520"/><line number="478" hits="241"/><line number="479" hits="482"/><line number="480" hits="241"/><line number="494" hits="117"/><line number="495" hits="468"/><line number="498" hits="117"/><line number="499" hits="124"/><line number="500" hits="108"/><line number="501" hits="0"/><line number="505" hits="0"/><line number="506" hits="0"/><line number="507" hits="0"/><line number="510" hits="104"/><line number="511" hits="128"/><line number="512" hits="90"/><line number="514" hits="90"/><line number="515" hits="0"/><line number="516" hits="0"/><line number="518" hits="30"/><line number="520" hits="0"/><line number="521" hits="0"/><line number="533" hits="264"/><line number="534" hits="252"/><line number="535" hits="84"/><line number="538" hits="32"/><line number="543" hits="96"/><line number="546" hits="96"/><line number="551" hits="32"/><line number="554" hits="30"/><line number="555" hits="120"/><line number="556" hits="30"/><line number="557" hits="90"/><line number="558" hits="60"/><line number="559" hits="90"/><line number="561" hits="90"/><line number="564" hits="60"/><line number="567" hits="60"/><line number="568" hits="30"/><line number="569" hits="90"/><line number="570" hits="30"/><line number="571" hits="90"/><line number="572" hits="30"/><line number="573" hits="60"/><line number="574" hits="30"/><line number="575" hits="30"/><line number="578" hits="30"/><line number="579" hits="120"/><line number="580" hits="30"/><line number="581" hits="0"/><line number="584" hits="90"/><line number="585" hits="30"/><line number="586" hits="30"/><line number="587" hits="0"/><line number="590" hits="90"/><line number="591" hits="30"/><line number="592" hits="60"/><line number="594" hits="102"/><line number="596" hits="30"/><line number="599" hits="84"/><line number="600" hits="336"/><line number="601" hits="84"/><line number="602" hits="12"/><line number="603" hits="0"/><line number="606" hits="84"/><line number="609" hits="87"/><line number="610" hits="348"/><line number="613" hits="87"/><line number="614" hits="261"/><line number="617" hits="174"/><line number="620" hits="87"/><line number="621" hits="261"/><line number="623" hits="87"/><line number="624" hits="261"/><line number="627" hits="261"/><line number="628" hits="87"/><line number="631" hits="348"/><line number="632" hits="87"/><line number="633" hits="87"/><line number="634" hits="87"/><line number="635" hits="87"/><line number="638" hits="171"/><line number="641" hits="174"/><line number="642" hits="93"/><line number="643" hits="84"/><line number="644" hits="168"/><line number="645" hits="84"/><line number="646" hits="84"/><line number="648" hits="84"/><line number="651" hits="84"/><line number="652" hits="28"/><line number="653" hits="28"/><line number="654" hits="0"/><line number="658" hits="168"/><line number="661" hits="0"/><line number="662" hits="0"/><line number="663" hits="0"/><line number="664" hits="0"/><line number="665" hits="0"/><line number="671" hits="0"/><line number="672" hits="0"/><line number="673" hits="0"/><line number="674" hits="0"/><line number="681" hits="0"/><line number="682" hits="0"/><line number="683" hits="0"/><line number="692" hits="168"/><line number="693" hits="168"/><line number="695" hits="168"/><line number="696" hits="84"/><line number="697" hits="0"/><line number="699" hits="252"/><line number="700" hits="0"/><line number="704" hits="84"/><line number="715" hits="29"/><line number="716" hits="116"/><line number="718" hits="135"/><line number="719" hits="76"/><line number="720" hits="19"/><line number="722" hits="38"/><line number="723" hits="10"/><line number="725" hits="10"/><line number="730" hits="40"/><line number="731" hits="0"/><line number="740" hits="89"/><line number="741" hits="356"/><line number="742" hits="89"/><line number="743" hits="75"/><line number="746" hits="42"/><line number="747" hits="14"/><line number="748" hits="68"/><line number="749" hits="40"/><line number="750" hits="0"/><line number="753" hits="60"/><line number="754" hits="60"/><line number="755" hits="0"/><line number="758" hits="0"/><line number="761" hits="60"/><line number="762" hits="0"/><line number="765" hits="0"/><line number="769" hits="0"/><line number="770" hits="0"/><line number="773" hits="0"/><line number="778" hits="80"/><line number="779" hits="0"/><line number="782" hits="0"/><line number="787" hits="14"/><line number="791" hits="114"/><line number="792" hits="340"/><line number="793" hits="118"/><line number="796" hits="208"/><line number="798" hits="96"/><line number="800" hits="106"/><line number="802" hits="364"/><line number="804" hits="91"/><line number="808" hits="4"/><line number="809" hits="62"/><line number="810" hits="2"/><line number="819" hits="10"/><line number="820" hits="30"/><line number="823" hits="10"/><line number="824" hits="10"/><line number="825" hits="4"/><line number="826" hits="4"/><line number="833" hits="8"/><line number="834" hits="0"/><line number="840" hits="4"/><line number="842" hits="1"/><line number="843" hits="1"/><line number="849" hits="6"/><line number="853" hits="30"/><line number="854" hits="18"/><line number="855" hits="6"/><line number="856" hits="6"/><line number="864" hits="3"/><line number="867" hits="9"/><line number="869" hits="19"/><line number="870" hits="5"/><line number="871" hits="4"/><line number="872" hits="2"/><line number="880" hits="6"/><line number="883" hits="10"/><line number="884" hits="2"/><line number="885" hits="6"/><line number="886" hits="3"/><line number="891" hits="2"/><line number="895" hits="15"/><line number="896" hits="30"/><line number="898" hits="15"/><line number="899" hits="1"/><line number="902" hits="64"/><line number="903" hits="72"/><line number="904" hits="108"/><line number="906" hits="180"/><line number="907" hits="104"/><line number="908" hits="170"/><line number="909" hits="102"/><line number="910" hits="0"/><line number="915" hits="0"/><line number="918" hits="136"/><line number="924" hits="100"/><line number="926" hits="14"/><line number="930" hits="7"/><line number="931" hits="28"/><line number="932" hits="7"/><line number="933" hits="10"/><line number="934" hits="5"/><line number="936" hits="14"/><line number="937" hits="7"/><line number="938" hits="0"/><line number="939" hits="0"/><line number="942" hits="28"/><line number="943" hits="7"/><line number="944" hits="0"/><line number="945" hits="0"/><line number="948" hits="7"/><line number="953" hits="9"/><line number="954" hits="18"/><line number="959" hits="2"/><line number="960" hits="2"/><line number="965" hits="153"/><line number="966" hits="153"/><line number="967" hits="153"/><line number="968" hits="153"/><line number="972" hits="24"/><line number="973" hits="96"/><line number="976" hits="92"/><line number="977" hits="46"/><line number="979" hits="69"/><line number="980" hits="23"/><line number="983" hits="92"/><line number="984" hits="69"/><line number="987" hits="115"/><line number="988" hits="46"/><line number="989" hits="46"/><line number="991" hits="1909"/><line number="992" hits="5589"/><line number="993" hits="9315"/><line number="995" hits="3726"/><line number="996" hits="3680"/><line number="997" hits="3680"/><line number="998" hits="3680"/><line number="1000" hits="69"/><line number="1003" hits="3726"/><line number="1004" hits="3726"/><line number="1005" hits="3726"/><line number="1006" hits="3726"/><line number="1008" hits="0"/><line number="1012" hits="46"/><line number="1014" hits="23"/><line number="1015" hits="46"/><line number="1016" hits="46"/><line number="1017" hits="46"/><line number="1018" hits="23"/><line number="1019" hits="23"/></lines></class><class name="edit_history" filename="src/session/edit_history.rs" line-rate="0.9419354838709677" branch-rate="0" complexity="0"><methods/><lines><line number="17" hits="68"/><line number="18" hits="68"/><line number="37" hits="13"/><line number="38" hits="39"/><line number="39" hits="39"/><line number="49" hits="2"/><line number="50" hits="2"/><line number="77" hits="7"/><line number="78" hits="7"/><line number="79" hits="0"/><line number="80" hits="0"/><line number="82" hits="2"/><line number="83" hits="2"/><line number="85" hits="2"/><line number="86" hits="4"/><line number="88" hits="2"/><line number="89" hits="3"/><line number="91" hits="2"/><line number="92" hits="1"/><line number="94" hits="3"/><line number="95" hits="2"/><line number="98" hits="1"/><line number="99" hits="3"/><line number="101" hits="2"/><line number="102" hits="0"/><line number="107" hits="8"/><line number="108" hits="8"/><line number="109" hits="1"/><line number="110" hits="1"/><line number="111" hits="1"/><line number="112" hits="1"/><line number="113" hits="1"/><line number="114" hits="1"/><line number="115" hits="1"/><line number="116" hits="1"/><line number="144" hits="56"/><line number="147" hits="112"/><line number="149" hits="112"/><line number="158" hits="4"/><line number="159" hits="20"/><line number="163" hits="1"/><line number="164" hits="2"/><line number="165" hits="1"/><line number="169" hits="26"/><line number="170" hits="26"/><line number="171" hits="26"/><line number="175" hits="2"/><line number="176" hits="4"/><line number="177" hits="2"/><line number="181" hits="2"/><line number="182" hits="4"/><line number="183" hits="2"/><line number="187" hits="1"/><line number="188" hits="3"/><line number="192" hits="1"/><line number="193" hits="2"/><line number="194" hits="4"/><line number="196" hits="1"/><line number="197" hits="3"/><line number="198" hits="0"/><line number="199" hits="0"/><line number="200" hits="0"/><line number="201" hits="0"/><line number="203" hits="0"/><line number="224" hits="180"/><line number="226" hits="180"/><line number="235" hits="2"/><line number="243" hits="47"/><line number="244" hits="141"/><line number="245" hits="47"/><line number="247" hits="188"/><line number="250" hits="97"/><line number="251" hits="75"/><line number="255" hits="49"/><line number="256" hits="4"/><line number="260" hits="96"/><line number="261" hits="8"/><line number="262" hits="6"/><line number="265" hits="141"/><line number="266" hits="47"/><line number="269" hits="99"/><line number="270" hits="20"/><line number="271" hits="20"/><line number="272" hits="10"/><line number="275" hits="47"/><line number="279" hits="4"/><line number="280" hits="10"/><line number="281" hits="6"/><line number="286" hits="57"/><line number="287" hits="57"/><line number="288" hits="23"/><line number="290" hits="68"/><line number="294" hits="2"/><line number="295" hits="8"/><line number="299" hits="8"/><line number="300" hits="8"/><line number="304" hits="7"/><line number="305" hits="14"/><line number="309" hits="5"/><line number="310" hits="10"/><line number="311" hits="4"/><line number="312" hits="8"/><line number="314" hits="1"/><line number="319" hits="2"/><line number="320" hits="4"/><line number="321" hits="1"/><line number="322" hits="2"/><line number="324" hits="1"/><line number="329" hits="3"/><line number="330" hits="16"/><line number="331" hits="2"/><line number="332" hits="4"/><line number="334" hits="1"/><line number="339" hits="1"/><line number="340" hits="1"/><line number="344" hits="6"/><line number="345" hits="12"/><line number="349" hits="3"/><line number="350" hits="6"/><line number="354" hits="10"/><line number="355" hits="10"/><line number="359" hits="4"/><line number="360" hits="8"/><line number="364" hits="2"/><line number="365" hits="4"/><line number="369" hits="5"/><line number="370" hits="10"/><line number="374" hits="3"/><line number="375" hits="3"/><line number="378" hits="3"/><line number="379" hits="5"/><line number="380" hits="5"/><line number="381" hits="10"/><line number="382" hits="5"/><line number="383" hits="10"/><line number="384" hits="10"/><line number="390" hits="1"/><line number="391" hits="2"/><line number="392" hits="1"/><line number="393" hits="1"/><line number="398" hits="1"/><line number="399" hits="1"/><line number="422" hits="2"/><line number="423" hits="3"/><line number="424" hits="2"/><line number="426" hits="2"/><line number="435" hits="18"/><line number="437" hits="72"/><line number="441" hits="6"/><line number="442" hits="12"/><line number="443" hits="8"/><line number="446" hits="6"/><line number="447" hits="6"/><line number="448" hits="0"/><line number="450" hits="4"/></lines></class><class name="encryption" filename="src/session/encryption.rs" line-rate="0.5822784810126582" branch-rate="0" complexity="0"><methods/><lines><line number="24" hits="10"/><line number="25" hits="10"/><line number="26" hits="10"/><line number="36" hits="10"/><line number="37" hits="20"/><line number="39" hits="10"/><line number="40" hits="40"/><line number="41" hits="10"/><line number="42" hits="10"/><line number="46" hits="0"/><line number="47" hits="0"/><line number="50" hits="0"/><line number="51" hits="0"/><line number="56" hits="0"/><line number="61" hits="0"/><line number="63" hits="0"/><line number="70" hits="0"/><line number="75" hits="10"/><line number="76" hits="30"/><line number="77" hits="0"/><line number="78" hits="0"/><line number="79" hits="0"/><line number="80" hits="0"/><line number="82" hits="20"/><line number="83" hits="40"/><line number="84" hits="10"/><line number="93" hits="13"/><line number="94" hits="26"/><line number="107" hits="13"/><line number="116" hits="10"/><line number="117" hits="30"/><line number="118" hits="20"/><line number="126" hits="0"/><line number="127" hits="0"/><line number="129" hits="0"/><line number="130" hits="0"/><line number="131" hits="0"/><line number="132" hits="0"/><line number="133" hits="0"/><line number="137" hits="7"/><line number="138" hits="14"/><line number="142" hits="10"/><line number="143" hits="30"/><line number="146" hits="20"/><line number="147" hits="30"/><line number="148" hits="30"/><line number="150" hits="20"/><line number="151" hits="30"/><line number="152" hits="10"/><line number="155" hits="50"/><line number="156" hits="30"/><line number="157" hits="30"/><line number="159" hits="10"/><line number="163" hits="10"/><line number="164" hits="10"/><line number="165" hits="1"/><line number="168" hits="27"/><line number="170" hits="27"/><line number="171" hits="27"/><line number="173" hits="15"/><line number="174" hits="27"/><line number="175" hits="15"/><line number="177" hits="6"/><line number="181" hits="0"/><line number="184" hits="0"/><line number="186" hits="0"/><line number="187" hits="0"/><line number="188" hits="0"/><line number="189" hits="0"/><line number="190" hits="0"/><line number="195" hits="0"/><line number="198" hits="0"/><line number="200" hits="0"/><line number="201" hits="0"/><line number="202" hits="0"/><line number="203" hits="0"/><line number="204" hits="0"/><line number="209" hits="7"/><line number="210" hits="14"/></lines></class><class name="local_first" filename="src/session/local_first.rs" line-rate="1" branch-rate="0" complexity="0"><methods/><lines><line number="16" hits="79"/><line number="17" hits="79"/><line number="19" hits="237"/><line number="24" hits="68"/><line number="25" hits="272"/><line number="29" hits="244"/><line number="30" hits="488"/><line number="31" hits="244"/><line number="32" hits="244"/><line number="33" hits="244"/><line number="50" hits="4"/><line number="51" hits="4"/><line number="52" hits="2"/><line number="53" hits="2"/><line number="54" hits="2"/><line number="55" hits="2"/><line number="76" hits="7"/><line number="77" hits="7"/><line number="78" hits="4"/><line number="79" hits="4"/><line number="80" hits="2"/><line number="81" hits="2"/><line number="82" hits="2"/><line number="114" hits="79"/><line number="115" hits="158"/><line number="117" hits="158"/><line number="118" hits="237"/><line number="126" hits="79"/><line number="131" hits="18"/><line number="132" hits="18"/><line number="133" hits="18"/><line number="137" hits="5"/><line number="138" hits="5"/><line number="139" hits="5"/><line number="143" hits="19"/><line number="144" hits="19"/><line number="145" hits="19"/><line number="149" hits="9"/><line number="150" hits="36"/><line number="151" hits="9"/><line number="155" hits="36"/><line number="156" hits="36"/><line number="157" hits="10"/><line number="159" hits="10"/><line number="160" hits="4"/><line number="162" hits="12"/><line number="164" hits="26"/><line number="169" hits="31"/><line number="170" hits="31"/><line number="171" hits="31"/><line number="195" hits="1"/><line number="196" hits="1"/><line number="202" hits="50"/><line number="204" hits="100"/><line number="206" hits="50"/><line number="215" hits="25"/><line number="216" hits="25"/><line number="217" hits="25"/><line number="221" hits="3"/><line number="222" hits="3"/><line number="223" hits="3"/><line number="227" hits="23"/><line number="228" hits="23"/><line number="229" hits="23"/><line number="233" hits="42"/><line number="235" hits="114"/><line number="236" hits="60"/><line number="237" hits="4"/><line number="238" hits="6"/><line number="239" hits="2"/><line number="240" hits="2"/><line number="242" hits="56"/><line number="243" hits="28"/><line number="244" hits="84"/><line number="246" hits="12"/><line number="247" hits="12"/><line number="251" hits="63"/><line number="253" hits="128"/><line number="254" hits="2"/><line number="258" hits="138"/><line number="259" hits="63"/><line number="261" hits="7"/><line number="262" hits="1"/><line number="266" hits="63"/><line number="267" hits="189"/><line number="268" hits="252"/><line number="272" hits="16"/><line number="273" hits="47"/><line number="274" hits="30"/><line number="275" hits="15"/><line number="277" hits="1"/><line number="282" hits="2"/><line number="283" hits="4"/><line number="284" hits="2"/><line number="288" hits="33"/><line number="290" hits="99"/><line number="291" hits="66"/><line number="292" hits="66"/><line number="293" hits="66"/><line number="294" hits="66"/><line number="295" hits="66"/><line number="296" hits="33"/><line number="301" hits="36"/><line number="302" hits="72"/><line number="303" hits="36"/><line number="304" hits="26"/><line number="306" hits="10"/><line number="311" hits="7"/><line number="312" hits="14"/><line number="313" hits="6"/><line number="314" hits="2"/><line number="315" hits="2"/><line number="316" hits="2"/><line number="317" hits="2"/><line number="320" hits="13"/><line number="321" hits="18"/><line number="322" hits="6"/><line number="324" hits="1"/><line number="329" hits="3"/><line number="330" hits="3"/><line number="332" hits="13"/><line number="333" hits="3"/><line number="334" hits="7"/><line number="338" hits="1"/><line number="339" hits="1"/><line number="341" hits="5"/><line number="342" hits="1"/><line number="343" hits="3"/><line number="347" hits="1"/><line number="348" hits="1"/><line number="350" hits="5"/><line number="351" hits="1"/><line number="352" hits="3"/><line number="356" hits="1"/><line number="357" hits="1"/><line number="359" hits="3"/><line number="360" hits="3"/><line number="364" hits="1"/><line number="365" hits="1"/><line number="367" hits="5"/><line number="368" hits="1"/><line number="369" hits="3"/><line number="373" hits="2"/><line number="374" hits="2"/><line number="376" hits="11"/><line number="381" hits="2"/><line number="382" hits="6"/><line number="383" hits="2"/><line number="385" hits="11"/><line number="386" hits="6"/><line number="389" hits="6"/><line number="390" hits="4"/><line number="426" hits="3"/><line number="427" hits="3"/><line number="428" hits="2"/><line number="429" hits="2"/><line number="430" hits="2"/><line number="451" hits="1"/><line number="452" hits="1"/><line number="458" hits="31"/><line number="461" hits="62"/><line number="462" hits="31"/><line number="469" hits="1"/><line number="470" hits="2"/><line number="471" hits="1"/><line number="475" hits="1"/><line number="476" hits="1"/><line number="477" hits="1"/><line number="481" hits="10"/><line number="482" hits="10"/><line number="486" hits="10"/><line number="487" hits="16"/><line number="488" hits="3"/><line number="490" hits="10"/><line number="494" hits="6"/><line number="495" hits="6"/><line number="499" hits="2"/><line number="500" hits="2"/><line number="504" hits="31"/><line number="505" hits="93"/><line number="509" hits="3"/><line number="510" hits="3"/><line number="514" hits="16"/><line number="515" hits="32"/><line number="519" hits="1"/><line number="520" hits="2"/><line number="524" hits="2"/><line number="525" hits="4"/><line number="526" hits="1"/><line number="528" hits="1"/><line number="529" hits="4"/><line number="533" hits="13"/><line number="534" hits="342"/><line number="559" hits="40"/><line number="561" hits="80"/><line number="563" hits="80"/><line number="564" hits="40"/><line number="572" hits="4"/><line number="573" hits="4"/><line number="574" hits="4"/><line number="578" hits="2"/><line number="579" hits="2"/><line number="580" hits="2"/><line number="584" hits="4"/><line number="585" hits="4"/><line number="589" hits="5"/><line number="590" hits="5"/><line number="612" hits="8"/><line number="613" hits="8"/><line number="614" hits="4"/><line number="615" hits="2"/><line number="616" hits="2"/><line number="617" hits="2"/><line number="618" hits="4"/><line number="619" hits="2"/><line number="640" hits="7"/><line number="641" hits="7"/><line number="642" hits="4"/><line number="643" hits="2"/><line number="644" hits="4"/><line number="645" hits="2"/><line number="646" hits="2"/><line number="669" hits="1"/><line number="670" hits="1"/><line number="676" hits="30"/><line number="682" hits="30"/><line number="688" hits="1"/><line number="689" hits="1"/><line number="690" hits="1"/><line number="694" hits="1"/><line number="695" hits="1"/><line number="696" hits="1"/><line number="700" hits="3"/><line number="701" hits="3"/><line number="702" hits="3"/><line number="706" hits="4"/><line number="707" hits="4"/><line number="708" hits="1"/><line number="711" hits="3"/><line number="712" hits="2"/><line number="713" hits="2"/><line number="718" hits="2"/><line number="719" hits="2"/><line number="723" hits="2"/><line number="724" hits="2"/><line number="725" hits="1"/><line number="726" hits="2"/><line number="727" hits="3"/><line number="729" hits="1"/><line number="734" hits="9"/><line number="735" hits="27"/><line number="739" hits="8"/><line number="740" hits="8"/><line number="744" hits="4"/><line number="745" hits="20"/><line number="746" hits="3"/><line number="751" hits="3"/><line number="752" hits="14"/><line number="756" hits="4"/><line number="757" hits="4"/><line number="761" hits="7"/><line number="762" hits="7"/><line number="787" hits="14"/><line number="789" hits="28"/><line number="790" hits="42"/><line number="791" hits="28"/><line number="792" hits="28"/><line number="793" hits="28"/><line number="794" hits="14"/><line number="800" hits="2"/><line number="801" hits="6"/><line number="802" hits="2"/><line number="803" hits="2"/><line number="807" hits="2"/><line number="808" hits="6"/><line number="809" hits="2"/><line number="810" hits="2"/><line number="828" hits="6"/><line number="829" hits="6"/><line number="830" hits="4"/><line number="831" hits="2"/><line number="832" hits="4"/><line number="833" hits="2"/><line number="859" hits="14"/><line number="861" hits="28"/><line number="863" hits="42"/><line number="866" hits="14"/><line number="872" hits="4"/><line number="873" hits="8"/><line number="874" hits="4"/><line number="875" hits="4"/><line number="879" hits="3"/><line number="880" hits="6"/><line number="881" hits="3"/><line number="882" hits="3"/><line number="906" hits="7"/><line number="907" hits="7"/><line number="908" hits="2"/><line number="909" hits="2"/><line number="910" hits="2"/><line number="911" hits="2"/><line number="912" hits="2"/><line number="913" hits="2"/><line number="914" hits="2"/><line number="933" hits="4"/><line number="934" hits="4"/><line number="935" hits="2"/><line number="936" hits="2"/><line number="937" hits="2"/><line number="938" hits="2"/><line number="959" hits="1"/><line number="960" hits="1"/><line number="966" hits="15"/><line number="968" hits="30"/><line number="971" hits="30"/><line number="972" hits="15"/><line number="973" hits="15"/><line number="979" hits="2"/><line number="980" hits="2"/><line number="984" hits="3"/><line number="985" hits="3"/><line number="989" hits="2"/><line number="990" hits="2"/><line number="994" hits="9"/><line number="995" hits="36"/><line number="996" hits="18"/><line number="999" hits="27"/><line number="1000" hits="9"/><line number="1004" hits="4"/><line number="1005" hits="12"/><line number="1009" hits="4"/><line number="1010" hits="16"/><line number="1011" hits="12"/><line number="1015" hits="6"/><line number="1016" hits="18"/><line number="1020" hits="1"/><line number="1021" hits="1"/><line number="1025" hits="2"/><line number="1026" hits="2"/><line number="1030" hits="8"/><line number="1032" hits="16"/><line number="1033" hits="16"/><line number="1034" hits="16"/><line number="1035" hits="8"/><line number="1036" hits="8"/><line number="1041" hits="8"/></lines></class></classes></package><package name="src/testing/contract_testing" line-rate="0.8298319327731093" branch-rate="0" complexity="0"><classes><class name="api_compat" filename="src/testing/contract_testing/api_compat.rs" line-rate="0.981651376146789" branch-rate="0" complexity="0"><methods/><lines><line number="17" hits="17"/><line number="19" hits="51"/><line number="20" hits="17"/><line number="21" hits="17"/><line number="25" hits="8"/><line number="26" hits="24"/><line number="48" hits="10"/><line number="51" hits="30"/><line number="52" hits="20"/><line number="54" hits="10"/><line number="59" hits="1"/><line number="60" hits="3"/><line number="61" hits="1"/><line number="64" hits="1"/><line number="65" hits="2"/><line number="66" hits="1"/><line number="69" hits="2"/><line number="70" hits="4"/><line number="71" hits="2"/><line number="74" hits="1"/><line number="75" hits="1"/><line number="76" hits="1"/><line number="94" hits="2"/><line number="96" hits="6"/><line number="97" hits="4"/><line number="103" hits="1"/><line number="104" hits="1"/><line number="105" hits="1"/><line number="121" hits="15"/><line number="123" hits="45"/><line number="124" hits="15"/><line number="125" hits="15"/><line number="129" hits="4"/><line number="130" hits="4"/><line number="133" hits="3"/><line number="134" hits="9"/><line number="135" hits="5"/><line number="136" hits="6"/><line number="138" hits="12"/><line number="139" hits="3"/><line number="157" hits="3"/><line number="159" hits="6"/><line number="166" hits="1"/><line number="168" hits="2"/><line number="175" hits="1"/><line number="177" hits="2"/><line number="184" hits="3"/><line number="185" hits="3"/><line number="186" hits="3"/><line number="189" hits="2"/><line number="190" hits="2"/><line number="191" hits="2"/><line number="194" hits="1"/><line number="195" hits="2"/><line number="196" hits="1"/><line number="214" hits="13"/><line number="215" hits="5"/><line number="216" hits="13"/><line number="237" hits="8"/><line number="244" hits="24"/><line number="245" hits="8"/><line number="255" hits="7"/><line number="256" hits="7"/><line number="259" hits="9"/><line number="264" hits="18"/><line number="267" hits="13"/><line number="268" hits="8"/><line number="269" hits="4"/><line number="271" hits="6"/><line number="273" hits="7"/><line number="274" hits="12"/><line number="275" hits="6"/><line number="276" hits="6"/><line number="277" hits="6"/><line number="278" hits="3"/><line number="279" hits="3"/><line number="280" hits="3"/><line number="287" hits="12"/><line number="288" hits="6"/><line number="289" hits="3"/><line number="291" hits="5"/><line number="293" hits="5"/><line number="294" hits="8"/><line number="295" hits="4"/><line number="296" hits="4"/><line number="297" hits="4"/><line number="298" hits="2"/><line number="299" hits="2"/><line number="300" hits="2"/><line number="307" hits="12"/><line number="308" hits="3"/><line number="309" hits="4"/><line number="310" hits="3"/><line number="313" hits="2"/><line number="314" hits="4"/><line number="315" hits="2"/><line number="316" hits="2"/><line number="317" hits="2"/><line number="318" hits="1"/><line number="319" hits="1"/><line number="320" hits="1"/><line number="327" hits="9"/><line number="330" hits="6"/><line number="335" hits="24"/><line number="337" hits="12"/><line number="341" hits="5"/><line number="342" hits="20"/><line number="347" hits="0"/><line number="348" hits="0"/></lines></class><class name="containers" filename="src/testing/contract_testing/containers.rs" line-rate="0.970873786407767" branch-rate="0" complexity="0"><methods/><lines><line number="52" hits="14"/><line number="53" hits="70"/><line number="56" hits="42"/><line number="57" hits="42"/><line number="59" hits="28"/><line number="60" hits="28"/><line number="61" hits="28"/><line number="64" hits="14"/><line number="68" hits="6"/><line number="69" hits="6"/><line number="70" hits="12"/><line number="76" hits="3"/><line number="77" hits="3"/><line number="78" hits="6"/><line number="83" hits="1"/><line number="84" hits="1"/><line number="85" hits="2"/><line number="90" hits="10"/><line number="91" hits="10"/><line number="92" hits="10"/><line number="95" hits="7"/><line number="96" hits="42"/><line number="97" hits="7"/><line number="100" hits="13"/><line number="101" hits="52"/><line number="102" hits="13"/><line number="105" hits="1"/><line number="110" hits="5"/><line number="111" hits="1"/><line number="114" hits="9"/><line number="115" hits="18"/><line number="116" hits="9"/><line number="119" hits="1"/><line number="120" hits="1"/><line number="121" hits="1"/><line number="124" hits="1"/><line number="125" hits="2"/><line number="127" hits="4"/><line number="128" hits="2"/><line number="131" hits="4"/><line number="132" hits="2"/><line number="135" hits="1"/><line number="136" hits="0"/><line number="139" hits="3"/><line number="140" hits="1"/><line number="156" hits="5"/><line number="158" hits="15"/><line number="159" hits="5"/><line number="160" hits="5"/><line number="164" hits="7"/><line number="165" hits="35"/><line number="168" hits="2"/><line number="169" hits="4"/><line number="170" hits="6"/><line number="172" hits="6"/><line number="175" hits="3"/><line number="177" hits="6"/><line number="178" hits="9"/><line number="180" hits="15"/><line number="181" hits="8"/><line number="182" hits="12"/><line number="183" hits="0"/><line number="186" hits="24"/><line number="187" hits="15"/><line number="188" hits="20"/><line number="189" hits="8"/><line number="194" hits="12"/><line number="195" hits="0"/><line number="199" hits="3"/><line number="202" hits="1"/><line number="203" hits="2"/><line number="204" hits="3"/><line number="205" hits="3"/><line number="207" hits="5"/><line number="208" hits="6"/><line number="209" hits="6"/><line number="211" hits="2"/><line number="212" hits="3"/><line number="213" hits="4"/><line number="214" hits="2"/><line number="218" hits="2"/><line number="219" hits="6"/><line number="220" hits="8"/><line number="221" hits="4"/><line number="225" hits="5"/><line number="226" hits="1"/><line number="227" hits="3"/><line number="228" hits="3"/><line number="229" hits="2"/><line number="234" hits="4"/><line number="237" hits="1"/><line number="240" hits="1"/><line number="241" hits="3"/><line number="244" hits="5"/><line number="246" hits="3"/><line number="247" hits="8"/><line number="248" hits="2"/><line number="253" hits="1"/><line number="254" hits="6"/><line number="255" hits="2"/><line number="259" hits="3"/><line number="260" hits="3"/><line number="262" hits="9"/></lines></class><class name="contracts" filename="src/testing/contract_testing/contracts.rs" line-rate="0.5657142857142857" branch-rate="0" complexity="0"><methods/><lines><line number="18" hits="15"/><line number="19" hits="15"/><line number="20" hits="8"/><line number="21" hits="2"/><line number="22" hits="1"/><line number="23" hits="1"/><line number="24" hits="1"/><line number="25" hits="1"/><line number="26" hits="1"/><line number="47" hits="29"/><line number="48" hits="29"/><line number="49" hits="6"/><line number="50" hits="12"/><line number="51" hits="13"/><line number="53" hits="2"/><line number="54" hits="16"/><line number="55" hits="8"/><line number="56" hits="8"/><line number="57" hits="5"/><line number="58" hits="7"/><line number="59" hits="2"/><line number="82" hits="11"/><line number="85" hits="33"/><line number="86" hits="22"/><line number="87" hits="22"/><line number="89" hits="11"/><line number="93" hits="2"/><line number="94" hits="12"/><line number="95" hits="2"/><line number="98" hits="2"/><line number="99" hits="12"/><line number="100" hits="2"/><line number="103" hits="1"/><line number="104" hits="2"/><line number="105" hits="1"/><line number="108" hits="2"/><line number="109" hits="10"/><line number="110" hits="2"/><line number="128" hits="10"/><line number="131" hits="20"/><line number="133" hits="10"/><line number="137" hits="1"/><line number="138" hits="6"/><line number="139" hits="1"/><line number="142" hits="1"/><line number="143" hits="2"/><line number="144" hits="1"/><line number="147" hits="1"/><line number="148" hits="5"/><line number="149" hits="1"/><line number="167" hits="6"/><line number="169" hits="18"/><line number="171" hits="12"/><line number="172" hits="6"/><line number="176" hits="2"/><line number="177" hits="4"/><line number="178" hits="2"/><line number="181" hits="1"/><line number="182" hits="2"/><line number="183" hits="1"/><line number="186" hits="1"/><line number="187" hits="2"/><line number="188" hits="1"/><line number="210" hits="6"/><line number="211" hits="12"/><line number="213" hits="18"/><line number="217" hits="18"/><line number="218" hits="18"/><line number="219" hits="12"/><line number="220" hits="6"/><line number="221" hits="6"/><line number="225" hits="4"/><line number="226" hits="12"/><line number="229" hits="2"/><line number="230" hits="12"/><line number="233" hits="1"/><line number="234" hits="3"/><line number="271" hits="4"/><line number="273" hits="8"/><line number="274" hits="4"/><line number="278" hits="2"/><line number="283" hits="2"/><line number="284" hits="10"/><line number="288" hits="0"/><line number="289" hits="0"/><line number="290" hits="0"/><line number="294" hits="0"/><line number="296" hits="0"/><line number="297" hits="0"/><line number="298" hits="0"/><line number="301" hits="0"/><line number="304" hits="0"/><line number="307" hits="0"/><line number="318" hits="2"/><line number="319" hits="4"/><line number="321" hits="6"/><line number="322" hits="10"/><line number="323" hits="4"/><line number="326" hits="6"/><line number="329" hits="6"/><line number="332" hits="2"/><line number="339" hits="0"/><line number="340" hits="0"/><line number="344" hits="2"/><line number="345" hits="4"/><line number="348" hits="5"/><line number="349" hits="3"/><line number="353" hits="3"/><line number="354" hits="3"/><line number="358" hits="6"/><line number="359" hits="4"/><line number="365" hits="0"/><line number="370" hits="0"/><line number="373" hits="0"/><line number="375" hits="0"/><line number="376" hits="0"/><line number="377" hits="0"/><line number="379" hits="0"/><line number="385" hits="0"/><line number="386" hits="0"/><line number="387" hits="0"/><line number="388" hits="0"/><line number="389" hits="0"/><line number="390" hits="0"/><line number="391" hits="0"/><line number="392" hits="0"/><line number="396" hits="0"/><line number="397" hits="0"/><line number="399" hits="0"/><line number="400" hits="0"/><line number="401" hits="0"/><line number="403" hits="0"/><line number="406" hits="0"/><line number="409" hits="0"/><line number="412" hits="0"/><line number="413" hits="0"/><line number="417" hits="0"/><line number="418" hits="0"/><line number="422" hits="0"/><line number="423" hits="0"/><line number="425" hits="0"/><line number="426" hits="0"/><line number="427" hits="0"/><line number="428" hits="0"/><line number="429" hits="0"/><line number="434" hits="0"/><line number="435" hits="0"/><line number="436" hits="0"/><line number="437" hits="0"/><line number="438" hits="0"/><line number="439" hits="0"/><line number="440" hits="0"/><line number="441" hits="0"/><line number="446" hits="0"/><line number="447" hits="0"/><line number="453" hits="0"/><line number="454" hits="0"/><line number="455" hits="0"/><line number="457" hits="0"/><line number="459" hits="0"/><line number="460" hits="0"/><line number="461" hits="0"/><line number="462" hits="0"/><line number="463" hits="0"/><line number="468" hits="0"/><line number="469" hits="0"/><line number="470" hits="0"/><line number="471" hits="0"/><line number="472" hits="0"/><line number="478" hits="0"/><line number="479" hits="0"/><line number="484" hits="0"/><line number="485" hits="0"/><line number="490" hits="0"/><line number="491" hits="0"/></lines></class><class name="mod" filename="src/testing/contract_testing/mod.rs" line-rate="1" branch-rate="0" complexity="0"><methods/><lines><line number="15" hits="30"/><line number="16" hits="60"/><line number="17" hits="30"/></lines></class><class name="stubs" filename="src/testing/contract_testing/stubs.rs" line-rate="1" branch-rate="0" complexity="0"><methods/><lines><line number="21" hits="13"/><line number="24" hits="39"/><line number="25" hits="13"/><line number="26" hits="13"/><line number="31" hits="3"/><line number="32" hits="3"/><line number="33" hits="3"/><line number="36" hits="1"/><line number="37" hits="5"/><line number="38" hits="1"/><line number="41" hits="4"/><line number="42" hits="4"/><line number="43" hits="4"/><line number="46" hits="11"/><line number="52" hits="13"/><line number="53" hits="2"/><line number="54" hits="1"/><line number="59" hits="10"/><line number="60" hits="12"/><line number="61" hits="3"/><line number="62" hits="18"/><line number="66" hits="7"/><line number="95" hits="11"/><line number="98" hits="22"/><line number="105" hits="1"/><line number="106" hits="6"/><line number="107" hits="1"/><line number="110" hits="4"/><line number="111" hits="8"/><line number="112" hits="4"/><line number="115" hits="2"/><line number="116" hits="2"/><line number="117" hits="2"/><line number="120" hits="1"/><line number="121" hits="1"/><line number="122" hits="1"/><line number="144" hits="8"/><line number="145" hits="40"/><line number="148" hits="24"/><line number="156" hits="1"/><line number="157" hits="1"/><line number="160" hits="1"/><line number="161" hits="1"/><line number="164" hits="6"/><line number="165" hits="6"/><line number="201" hits="7"/><line number="203" hits="21"/><line number="205" hits="7"/><line number="206" hits="7"/><line number="211" hits="6"/><line number="212" hits="18"/><line number="215" hits="2"/><line number="216" hits="2"/><line number="219" hits="1"/><line number="220" hits="1"/><line number="223" hits="1"/><line number="224" hits="2"/><line number="225" hits="2"/><line number="228" hits="6"/><line number="234" hits="6"/><line number="236" hits="42"/><line number="237" hits="6"/><line number="240" hits="5"/><line number="247" hits="10"/><line number="248" hits="20"/><line number="249" hits="13"/><line number="251" hits="15"/><line number="252" hits="10"/><line number="253" hits="10"/><line number="254" hits="15"/><line number="255" hits="15"/><line number="256" hits="10"/><line number="257" hits="5"/><line number="260" hits="9"/><line number="261" hits="20"/><line number="262" hits="8"/><line number="263" hits="4"/><line number="267" hits="1"/><line number="270" hits="1"/><line number="271" hits="2"/><line number="272" hits="1"/><line number="274" hits="7"/><line number="276" hits="1"/><line number="279" hits="1"/><line number="280" hits="1"/><line number="282" hits="3"/></lines></class></classes></package><package name="test_runs/mega-20260303-163953-CDB2E434/redqueue/redqueue-core/src" line-rate="0" branch-rate="0" complexity="0"><classes></classes></package><package name="benches" line-rate="0" branch-rate="0" complexity="0"><classes></classes></package><package name="examples" line-rate="0" branch-rate="0" complexity="0"><classes></classes></package><package name="src/cognitive" line-rate="0.7972552607502287" branch-rate="0" complexity="0"><classes><class name="cognitive_system" filename="src/cognitive/cognitive_system.rs" line-rate="0.38626609442060084" branch-rate="0" complexity="0"><methods/><lines><line number="70" hits="3"/><line number="74" hits="3"/><line number="93" hits="2"/><line number="98" hits="1"/><line number="101" hits="4"/><line number="103" hits="1"/><line number="107" hits="2"/><line number="108" hits="3"/><line number="109" hits="4"/><line number="113" hits="2"/><line number="115" hits="2"/><line number="116" hits="2"/><line number="120" hits="4"/><line number="121" hits="3"/><line number="122" hits="1"/><line number="127" hits="2"/><line number="128" hits="1"/><line number="131" hits="1"/><line number="133" hits="1"/><line number="134" hits="2"/><line number="135" hits="2"/><line number="136" hits="2"/><line number="137" hits="2"/><line number="138" hits="1"/><line number="144" hits="0"/><line number="149" hits="0"/><line number="153" hits="0"/><line number="154" hits="0"/><line number="158" hits="0"/><line number="159" hits="0"/><line number="160" hits="0"/><line number="164" hits="0"/><line number="165" hits="0"/><line number="166" hits="0"/><line number="170" hits="0"/><line number="171" hits="0"/><line number="172" hits="0"/><line number="173" hits="0"/><line number="174" hits="0"/><line number="175" hits="0"/><line number="179" hits="0"/><line number="180" hits="0"/><line number="181" hits="0"/><line number="182" hits="0"/><line number="187" hits="0"/><line number="188" hits="0"/><line number="190" hits="0"/><line number="192" hits="0"/><line number="193" hits="0"/><line number="194" hits="0"/><line number="197" hits="0"/><line number="201" hits="0"/><line number="202" hits="0"/><line number="205" hits="0"/><line number="206" hits="0"/><line number="210" hits="0"/><line number="213" hits="0"/><line number="214" hits="0"/><line number="215" hits="0"/><line number="216" hits="0"/><line number="217" hits="0"/><line number="218" hits="0"/><line number="223" hits="0"/><line number="224" hits="0"/><line number="225" hits="0"/><line number="226" hits="0"/><line number="227" hits="0"/><line number="228" hits="0"/><line number="229" hits="0"/><line number="230" hits="0"/><line number="231" hits="0"/><line number="232" hits="0"/><line number="233" hits="0"/><line number="234" hits="0"/><line number="235" hits="0"/><line number="236" hits="0"/><line number="237" hits="0"/><line number="238" hits="0"/><line number="239" hits="0"/><line number="240" hits="0"/><line number="241" hits="0"/><line number="242" hits="0"/><line number="245" hits="0"/><line number="246" hits="0"/><line number="250" hits="0"/><line number="251" hits="0"/><line number="252" hits="0"/><line number="255" hits="0"/><line number="256" hits="0"/><line number="258" hits="0"/><line number="259" hits="0"/><line number="264" hits="0"/><line number="265" hits="0"/><line number="266" hits="0"/><line number="269" hits="0"/><line number="270" hits="0"/><line number="272" hits="0"/><line number="273" hits="0"/><line number="275" hits="0"/><line number="279" hits="0"/><line number="285" hits="0"/><line number="286" hits="0"/><line number="291" hits="0"/><line number="294" hits="0"/><line number="295" hits="0"/><line number="296" hits="0"/><line number="297" hits="0"/><line number="302" hits="0"/><line number="306" hits="0"/><line number="307" hits="0"/><line number="308" hits="0"/><line number="310" hits="0"/><line number="311" hits="0"/><line number="314" hits="0"/><line number="315" hits="0"/><line number="317" hits="0"/><line number="318" hits="0"/><line number="321" hits="0"/><line number="326" hits="0"/><line number="327" hits="0"/><line number="329" hits="0"/><line number="330" hits="0"/><line number="331" hits="0"/><line number="334" hits="0"/><line number="335" hits="0"/><line number="336" hits="0"/><line number="341" hits="0"/><line number="342" hits="0"/><line number="343" hits="0"/><line number="344" hits="0"/><line number="348" hits="0"/><line number="349" hits="0"/><line number="350" hits="0"/><line number="354" hits="0"/><line number="355" hits="0"/><line number="359" hits="0"/><line number="360" hits="0"/><line number="361" hits="0"/><line number="365" hits="0"/><line number="366" hits="0"/><line number="367" hits="0"/><line number="368" hits="0"/><line number="371" hits="0"/><line number="372" hits="0"/><line number="373" hits="0"/><line number="376" hits="0"/><line number="377" hits="0"/><line number="378" hits="0"/><line number="380" hits="0"/><line number="381" hits="0"/><line number="382" hits="0"/><line number="397" hits="0"/><line number="398" hits="0"/><line number="399" hits="0"/><line number="403" hits="0"/><line number="404" hits="0"/><line number="405" hits="0"/><line number="409" hits="0"/><line number="410" hits="0"/><line number="411" hits="0"/><line number="415" hits="12"/><line number="421" hits="36"/><line number="422" hits="12"/><line number="424" hits="24"/><line number="427" hits="72"/><line number="429" hits="24"/><line number="431" hits="24"/><line number="433" hits="20"/><line number="436" hits="12"/><line number="440" hits="0"/><line number="441" hits="0"/><line number="442" hits="0"/><line number="444" hits="0"/><line number="445" hits="0"/><line number="447" hits="0"/><line number="448" hits="0"/><line number="454" hits="25"/><line number="455" hits="50"/><line number="458" hits="75"/><line number="461" hits="25"/><line number="462" hits="9"/><line number="463" hits="11"/><line number="464" hits="8"/><line number="466" hits="6"/><line number="470" hits="29"/><line number="471" hits="12"/><line number="472" hits="12"/><line number="473" hits="12"/><line number="474" hits="4"/><line number="475" hits="9"/><line number="476" hits="13"/><line number="477" hits="10"/><line number="480" hits="8"/><line number="484" hits="25"/><line number="485" hits="42"/><line number="486" hits="44"/><line number="487" hits="90"/><line number="488" hits="60"/><line number="489" hits="15"/><line number="490" hits="45"/><line number="491" hits="15"/><line number="492" hits="15"/><line number="495" hits="28"/><line number="499" hits="31"/><line number="500" hits="12"/><line number="501" hits="3"/><line number="505" hits="25"/><line number="506" hits="15"/><line number="507" hits="19"/><line number="508" hits="14"/><line number="509" hits="7"/><line number="510" hits="7"/><line number="516" hits="25"/><line number="517" hits="6"/><line number="518" hits="8"/><line number="519" hits="6"/><line number="521" hits="4"/><line number="524" hits="25"/><line number="528" hits="3"/><line number="529" hits="3"/><line number="531" hits="6"/><line number="532" hits="6"/><line number="533" hits="6"/><line number="540" hits="6"/><line number="542" hits="18"/><line number="543" hits="6"/><line number="546" hits="6"/><line number="550" hits="72"/><line number="551" hits="144"/><line number="552" hits="72"/><line number="558" hits="21"/><line number="559" hits="84"/><line number="560" hits="63"/></lines></class><class name="compilation_manager" filename="src/cognitive/compilation_manager.rs" line-rate="0.5714285714285714" branch-rate="0" complexity="0"><methods/><lines><line number="22" hits="3"/><line number="23" hits="9"/><line number="24" hits="6"/><line number="26" hits="3"/><line number="29" hits="3"/><line number="30" hits="0"/><line number="34" hits="12"/><line number="37" hits="6"/><line number="38" hits="3"/><line number="41" hits="3"/><line number="42" hits="1"/><line number="47" hits="8"/><line number="48" hits="4"/><line number="49" hits="2"/><line number="52" hits="6"/><line number="53" hits="10"/><line number="54" hits="6"/><line number="55" hits="4"/><line number="56" hits="2"/><line number="59" hits="4"/><line number="61" hits="6"/><line number="64" hits="6"/><line number="65" hits="2"/><line number="66" hits="0"/><line number="70" hits="2"/><line number="71" hits="2"/><line number="72" hits="2"/><line number="76" hits="2"/><line number="77" hits="2"/><line number="81" hits="0"/><line number="82" hits="0"/><line number="83" hits="0"/><line number="85" hits="0"/><line number="88" hits="0"/><line number="92" hits="0"/><line number="93" hits="0"/><line number="94" hits="0"/><line number="97" hits="0"/><line number="100" hits="0"/><line number="104" hits="0"/><line number="105" hits="0"/><line number="106" hits="0"/><line number="108" hits="0"/><line number="111" hits="0"/><line number="115" hits="0"/><line number="116" hits="0"/><line number="117" hits="0"/><line number="118" hits="0"/><line number="123" hits="0"/><line number="126" hits="0"/><line number="127" hits="0"/><line number="128" hits="0"/><line number="133" hits="0"/><line number="136" hits="0"/><line number="140" hits="3"/><line number="141" hits="3"/><line number="142" hits="4"/><line number="144" hits="3"/><line number="147" hits="5"/><line number="148" hits="5"/><line number="149" hits="15"/><line number="150" hits="15"/><line number="151" hits="5"/></lines></class><class name="episodic" filename="src/cognitive/episodic.rs" line-rate="0.9010989010989011" branch-rate="0" complexity="0"><methods/><lines><line number="96" hits="42"/><line number="101" hits="126"/><line number="102" hits="126"/><line number="105" hits="84"/><line number="106" hits="168"/><line number="107" hits="126"/><line number="108" hits="42"/><line number="111" hits="168"/><line number="112" hits="126"/><line number="118" hits="84"/><line number="122" hits="84"/><line number="123" hits="84"/><line number="131" hits="20"/><line number="132" hits="120"/><line number="133" hits="20"/><line number="137" hits="12"/><line number="138" hits="12"/><line number="139" hits="12"/><line number="143" hits="12"/><line number="144" hits="48"/><line number="145" hits="12"/><line number="149" hits="1"/><line number="150" hits="4"/><line number="151" hits="1"/><line number="155" hits="7"/><line number="156" hits="14"/><line number="157" hits="7"/><line number="161" hits="5"/><line number="162" hits="5"/><line number="163" hits="10"/><line number="164" hits="5"/><line number="165" hits="5"/><line number="166" hits="5"/><line number="170" hits="7"/><line number="171" hits="21"/><line number="172" hits="7"/><line number="176" hits="14"/><line number="179" hits="14"/><line number="183" hits="6"/><line number="184" hits="12"/><line number="185" hits="0"/><line number="186" hits="5"/><line number="187" hits="1"/><line number="188" hits="0"/><line number="191" hits="18"/><line number="192" hits="18"/><line number="194" hits="6"/><line number="198" hits="28"/><line number="199" hits="112"/><line number="201" hits="90"/><line number="202" hits="51"/><line number="205" hits="112"/><line number="207" hits="38"/><line number="208" hits="25"/><line number="209" hits="15"/><line number="212" hits="56"/><line number="239" hits="25"/><line number="240" hits="75"/><line number="241" hits="75"/><line number="242" hits="25"/><line number="250" hits="75"/><line number="259" hits="3"/><line number="260" hits="6"/><line number="261" hits="3"/><line number="265" hits="2"/><line number="266" hits="2"/><line number="267" hits="4"/><line number="268" hits="2"/><line number="269" hits="2"/><line number="270" hits="2"/><line number="272" hits="4"/><line number="276" hits="1"/><line number="277" hits="4"/><line number="278" hits="2"/><line number="279" hits="1"/><line number="280" hits="1"/><line number="281" hits="1"/><line number="283" hits="3"/><line number="287" hits="4"/><line number="288" hits="8"/><line number="329" hits="6"/><line number="331" hits="18"/><line number="332" hits="18"/><line number="333" hits="12"/><line number="342" hits="7"/><line number="343" hits="28"/><line number="344" hits="7"/><line number="346" hits="7"/><line number="350" hits="2"/><line number="351" hits="4"/><line number="352" hits="2"/><line number="405" hits="26"/><line number="410" hits="26"/><line number="418" hits="24"/><line number="420" hits="48"/><line number="421" hits="48"/><line number="423" hits="72"/><line number="425" hits="48"/><line number="427" hits="24"/><line number="428" hits="24"/><line number="433" hits="3"/><line number="434" hits="6"/><line number="435" hits="3"/><line number="439" hits="1"/><line number="440" hits="1"/><line number="441" hits="1"/><line number="445" hits="18"/><line number="446" hits="54"/><line number="447" hits="54"/><line number="448" hits="90"/><line number="449" hits="36"/><line number="450" hits="18"/><line number="454" hits="1"/><line number="459" hits="5"/><line number="460" hits="3"/><line number="461" hits="5"/><line number="462" hits="2"/><line number="463" hits="1"/><line number="467" hits="1"/><line number="468" hits="2"/><line number="469" hits="3"/><line number="471" hits="3"/><line number="472" hits="1"/><line number="474" hits="3"/><line number="477" hits="2"/><line number="479" hits="5"/><line number="482" hits="1"/><line number="483" hits="2"/><line number="484" hits="2"/><line number="487" hits="3"/><line number="490" hits="2"/><line number="494" hits="3"/><line number="495" hits="3"/><line number="497" hits="9"/><line number="501" hits="52"/><line number="503" hits="52"/><line number="504" hits="3"/><line number="505" hits="2"/><line number="510" hits="78"/><line number="511" hits="78"/><line number="513" hits="78"/><line number="516" hits="130"/><line number="519" hits="104"/><line number="520" hits="52"/><line number="521" hits="0"/><line number="525" hits="130"/><line number="528" hits="52"/><line number="529" hits="0"/><line number="532" hits="26"/><line number="536" hits="26"/><line number="537" hits="26"/><line number="538" hits="13"/><line number="540" hits="13"/><line number="541" hits="65"/><line number="542" hits="39"/><line number="546" hits="3"/><line number="553" hits="6"/><line number="554" hits="3"/><line number="556" hits="3"/><line number="558" hits="9"/><line number="559" hits="6"/><line number="561" hits="15"/><line number="562" hits="6"/><line number="563" hits="6"/><line number="564" hits="6"/><line number="565" hits="3"/><line number="566" hits="3"/><line number="567" hits="3"/><line number="568" hits="4"/><line number="570" hits="2"/><line number="572" hits="3"/><line number="575" hits="9"/><line number="579" hits="7"/><line number="584" hits="14"/><line number="585" hits="7"/><line number="587" hits="7"/><line number="589" hits="35"/><line number="590" hits="14"/><line number="591" hits="14"/><line number="594" hits="21"/><line number="598" hits="1"/><line number="603" hits="2"/><line number="604" hits="1"/><line number="606" hits="1"/><line number="608" hits="5"/><line number="609" hits="2"/><line number="610" hits="2"/><line number="611" hits="1"/><line number="612" hits="2"/><line number="613" hits="1"/><line number="616" hits="3"/><line number="620" hits="2"/><line number="621" hits="2"/><line number="622" hits="1"/><line number="624" hits="1"/><line number="626" hits="5"/><line number="627" hits="2"/><line number="630" hits="3"/><line number="634" hits="4"/><line number="635" hits="6"/><line number="636" hits="10"/><line number="638" hits="6"/><line number="640" hits="6"/><line number="641" hits="20"/><line number="642" hits="16"/><line number="643" hits="4"/><line number="644" hits="12"/><line number="645" hits="4"/><line number="646" hits="4"/><line number="653" hits="6"/><line number="654" hits="2"/><line number="655" hits="4"/><line number="656" hits="4"/><line number="659" hits="6"/><line number="660" hits="2"/><line number="664" hits="1"/><line number="665" hits="1"/><line number="668" hits="2"/><line number="669" hits="7"/><line number="674" hits="1"/><line number="675" hits="3"/><line number="676" hits="1"/><line number="678" hits="7"/><line number="681" hits="5"/><line number="682" hits="3"/><line number="683" hits="1"/><line number="687" hits="1"/><line number="688" hits="2"/><line number="689" hits="1"/><line number="691" hits="5"/><line number="694" hits="0"/><line number="699" hits="9"/><line number="700" hits="27"/><line number="704" hits="0"/><line number="705" hits="0"/><line number="709" hits="1"/><line number="710" hits="4"/><line number="711" hits="1"/><line number="716" hits="1"/><line number="718" hits="3"/><line number="719" hits="1"/><line number="721" hits="7"/><line number="724" hits="3"/><line number="725" hits="7"/><line number="727" hits="15"/><line number="728" hits="12"/><line number="733" hits="9"/><line number="734" hits="9"/><line number="736" hits="6"/><line number="739" hits="3"/><line number="740" hits="2"/><line number="742" hits="1"/><line number="743" hits="1"/><line number="745" hits="7"/><line number="746" hits="6"/><line number="748" hits="1"/><line number="749" hits="1"/><line number="750" hits="3"/><line number="755" hits="3"/><line number="756" hits="1"/><line number="758" hits="13"/><line number="761" hits="2"/><line number="763" hits="0"/><line number="764" hits="0"/><line number="765" hits="0"/><line number="766" hits="0"/><line number="767" hits="0"/><line number="769" hits="0"/><line number="773" hits="0"/><line number="774" hits="0"/><line number="776" hits="0"/><line number="777" hits="0"/><line number="779" hits="0"/><line number="780" hits="0"/><line number="782" hits="0"/><line number="789" hits="0"/><line number="790" hits="0"/><line number="794" hits="1"/><line number="795" hits="1"/><line number="797" hits="3"/><line number="802" hits="2"/><line number="803" hits="4"/><line number="805" hits="2"/><line number="806" hits="2"/><line number="808" hits="3"/><line number="809" hits="4"/><line number="810" hits="4"/><line number="813" hits="4"/><line number="814" hits="8"/><line number="815" hits="2"/><line number="819" hits="6"/><line number="820" hits="2"/><line number="821" hits="0"/><line number="824" hits="6"/><line number="825" hits="2"/><line number="828" hits="2"/><line number="832" hits="0"/><line number="833" hits="0"/><line number="834" hits="0"/><line number="838" hits="0"/><line number="841" hits="0"/><line number="842" hits="0"/><line number="844" hits="0"/><line number="845" hits="0"/><line number="847" hits="0"/><line number="850" hits="0"/><line number="851" hits="0"/><line number="852" hits="0"/><line number="857" hits="1"/><line number="858" hits="2"/><line number="859" hits="1"/><line number="861" hits="1"/><line number="863" hits="2"/><line number="865" hits="3"/><line number="866" hits="15"/><line number="867" hits="9"/><line number="868" hits="9"/><line number="869" hits="3"/><line number="873" hits="2"/><line number="875" hits="1"/>
[...]
"/><line number="709" hits="16"/><line number="710" hits="46"/><line number="711" hits="20"/><line number="712" hits="28"/><line number="713" hits="43"/><line number="717" hits="0"/><line number="718" hits="0"/><line number="719" hits="0"/><line number="721" hits="0"/><line number="723" hits="0"/><line number="724" hits="0"/><line number="725" hits="0"/><line number="728" hits="0"/><line number="729" hits="0"/><line number="730" hits="0"/><line number="731" hits="0"/><line number="732" hits="0"/><line number="733" hits="0"/><line number="736" hits="0"/><line number="737" hits="0"/><line number="738" hits="0"/><line number="748" hits="26"/><line number="749" hits="26"/><line number="750" hits="13"/><line number="752" hits="37"/><line number="753" hits="40"/><line number="756" hits="12"/><line number="761" hits="38"/><line number="764" hits="12"/><line number="765" hits="0"/><line number="767" hits="12"/><line number="768" hits="0"/><line number="775" hits="24"/><line number="777" hits="12"/><line number="778" hits="0"/><line number="779" hits="0"/><line number="783" hits="12"/><line number="784" hits="12"/><line number="785" hits="0"/><line number="786" hits="0"/><line number="787" hits="0"/><line number="789" hits="12"/><line number="790" hits="0"/><line number="791" hits="0"/><line number="797" hits="24"/><line number="798" hits="1"/><line number="799" hits="2"/><line number="800" hits="1"/><line number="808" hits="2"/><line number="809" hits="1"/><line number="811" hits="2"/><line number="812" hits="0"/><line number="821" hits="12"/><line number="823" hits="12"/><line number="824" hits="0"/><line number="825" hits="0"/><line number="828" hits="12"/><line number="829" hits="0"/><line number="830" hits="0"/><line number="833" hits="12"/><line number="834" hits="0"/><line number="835" hits="0"/><line number="838" hits="12"/><line number="839" hits="0"/><line number="841" hits="12"/><line number="842" hits="0"/><line number="843" hits="0"/><line number="849" hits="0"/><line number="850" hits="0"/><line number="851" hits="0"/><line number="852" hits="0"/><line number="853" hits="0"/><line number="858" hits="12"/><line number="859" hits="0"/><line number="860" hits="0"/><line number="861" hits="0"/><line number="862" hits="0"/><line number="864" hits="0"/><line number="865" hits="0"/><line number="866" hits="0"/><line number="867" hits="0"/><line number="868" hits="0"/><line number="869" hits="0"/><line number="870" hits="0"/><line number="877" hits="12"/><line number="878" hits="12"/><line number="879" hits="12"/><line number="884" hits="35"/><line number="885" hits="33"/><line number="886" hits="33"/><line number="887" hits="11"/><line number="888" hits="33"/><line number="889" hits="33"/><line number="890" hits="33"/><line number="891" hits="22"/><line number="892" hits="22"/><line number="893" hits="11"/><line number="894" hits="11"/><line number="900" hits="28"/><line number="902" hits="8"/><line number="907" hits="8"/><line number="908" hits="32"/><line number="909" hits="41"/><line number="914" hits="41"/><line number="917" hits="82"/><line number="918" hits="2"/><line number="920" hits="43"/><line number="921" hits="2"/><line number="927" hits="74"/><line number="928" hits="2"/><line number="930" hits="35"/><line number="932" hits="144"/><line number="933" hits="3"/><line number="937" hits="69"/><line number="938" hits="2"/><line number="939" hits="2"/><line number="940" hits="2"/><line number="941" hits="2"/><line number="946" hits="68"/><line number="947" hits="2"/><line number="951" hits="32"/><line number="952" hits="2"/><line number="955" hits="30"/><line number="956" hits="2"/><line number="964" hits="28"/><line number="965" hits="1"/><line number="970" hits="28"/><line number="971" hits="1"/><line number="972" hits="1"/><line number="973" hits="1"/><line number="978" hits="27"/><line number="979" hits="1"/><line number="981" hits="26"/><line number="982" hits="1"/><line number="984" hits="25"/><line number="985" hits="1"/><line number="987" hits="24"/><line number="988" hits="1"/><line number="996" hits="23"/><line number="997" hits="1"/><line number="1005" hits="22"/><line number="1006" hits="2"/><line number="1011" hits="21"/><line number="1012" hits="1"/><line number="1013" hits="1"/><line number="1014" hits="1"/><line number="1019" hits="21"/><line number="1020" hits="1"/><line number="1021" hits="1"/><line number="1022" hits="1"/><line number="1025" hits="22"/><line number="1026" hits="5"/><line number="1027" hits="1"/><line number="1031" hits="20"/><line number="1038" hits="0"/><line number="1042" hits="0"/><line number="1043" hits="0"/><line number="1044" hits="0"/><line number="1045" hits="0"/><line number="1046" hits="0"/><line number="1048" hits="0"/><line number="1051" hits="0"/></lines></class><class name="resources" filename="src/config/resources.rs" line-rate="1" branch-rate="0" complexity="0"><methods/><lines><line number="25" hits="409"/><line number="44" hits="410"/><line number="62" hits="405"/><line number="81" hits="407"/></lines></class><class name="typed" filename="src/config/typed.rs" line-rate="0.998003992015968" branch-rate="0" complexity="0"><methods/><lines><line number="32" hits="69"/><line number="33" hits="69"/><line number="37" hits="92"/><line number="38" hits="92"/><line number="42" hits="14"/><line number="43" hits="14"/><line number="47" hits="19"/><line number="48" hits="19"/><line number="52" hits="15"/><line number="53" hits="15"/><line number="57" hits="9"/><line number="58" hits="9"/><line number="62" hits="8"/><line number="63" hits="8"/><line number="67" hits="23"/><line number="68" hits="23"/><line number="69" hits="38"/><line number="70" hits="4"/><line number="75" hits="13"/><line number="76" hits="13"/><line number="77" hits="20"/><line number="78" hits="3"/><line number="83" hits="35"/><line number="84" hits="35"/><line number="85" hits="18"/><line number="86" hits="42"/><line number="87" hits="5"/><line number="92" hits="17"/><line number="93" hits="17"/><line number="94" hits="30"/><line number="95" hits="2"/><line number="100" hits="17"/><line number="101" hits="17"/><line number="102" hits="22"/><line number="103" hits="2"/><line number="104" hits="5"/><line number="109" hits="8"/><line number="110" hits="3"/><line number="111" hits="6"/><line number="112" hits="10"/><line number="113" hits="3"/><line number="118" hits="14"/><line number="119" hits="14"/><line number="120" hits="3"/><line number="121" hits="3"/><line number="122" hits="1"/><line number="123" hits="1"/><line number="124" hits="1"/><line number="125" hits="1"/><line number="126" hits="1"/><line number="127" hits="1"/><line number="128" hits="1"/><line number="129" hits="1"/><line number="134" hits="3"/><line number="135" hits="4"/><line number="139" hits="23"/><line number="140" hits="23"/><line number="141" hits="12"/><line number="142" hits="18"/><line number="143" hits="3"/><line number="144" hits="9"/><line number="145" hits="8"/><line number="146" hits="4"/><line number="147" hits="4"/><line number="148" hits="3"/><line number="149" hits="2"/><line number="150" hits="2"/><line number="156" hits="1"/><line number="157" hits="1"/><line number="162" hits="1"/><line number="163" hits="1"/><line number="168" hits="1"/><line number="169" hits="1"/><line number="174" hits="1"/><line number="175" hits="1"/><line number="180" hits="1"/><line number="181" hits="1"/><line number="186" hits="1"/><line number="187" hits="1"/><line number="192" hits="1"/><line number="193" hits="1"/><line number="226" hits="68"/><line number="228" hits="204"/><line number="229" hits="204"/><line number="236" hits="68"/><line number="243" hits="12"/><line number="244" hits="24"/><line number="245" hits="12"/><line number="249" hits="22"/><line number="250" hits="22"/><line number="251" hits="22"/><line number="255" hits="6"/><line number="256" hits="12"/><line number="257" hits="6"/><line number="261" hits="6"/><line number="262" hits="12"/><line number="263" hits="6"/><line number="267" hits="5"/><line number="268" hits="5"/><line number="269" hits="5"/><line number="273" hits="15"/><line number="274" hits="45"/><line number="275" hits="15"/><line number="279" hits="2"/><line number="280" hits="2"/><line number="281" hits="2"/><line number="285" hits="4"/><line number="286" hits="8"/><line number="287" hits="4"/><line number="291" hits="36"/><line number="293" hits="72"/><line number="294" hits="8"/><line number="295" hits="4"/><line number="296" hits="4"/><line number="297" hits="4"/><line number="298" hits="4"/><line number="303" hits="53"/><line number="304" hits="92"/><line number="307" hits="24"/><line number="311" hits="6"/><line number="312" hits="12"/><line number="314" hits="12"/><line number="315" hits="6"/><line number="317" hits="14"/><line number="318" hits="12"/><line number="321" hits="18"/><line number="322" hits="3"/><line number="324" hits="10"/><line number="327" hits="12"/><line number="329" hits="8"/><line number="330" hits="4"/><line number="333" hits="10"/><line number="334" hits="4"/><line number="337" hits="8"/><line number="338" hits="2"/><line number="341" hits="6"/><line number="362" hits="78"/><line number="363" hits="156"/><line number="364" hits="5"/><line number="365" hits="15"/><line number="366" hits="16"/><line number="367" hits="1"/><line number="368" hits="1"/><line number="369" hits="3"/><line number="370" hits="6"/><line number="371" hits="12"/><line number="373" hits="1"/><line number="374" hits="1"/><line number="375" hits="6"/><line number="376" hits="1"/><line number="377" hits="2"/><line number="378" hits="1"/><line number="379" hits="1"/><line number="380" hits="11"/><line number="381" hits="15"/><line number="387" hits="18"/><line number="388" hits="18"/><line number="389" hits="8"/><line number="390" hits="8"/><line number="391" hits="2"/><line number="392" hits="2"/><line number="393" hits="9"/><line number="394" hits="2"/><line number="395" hits="2"/><line number="396" hits="2"/><line number="397" hits="2"/><line number="398" hits="2"/><line number="430" hits="64"/><line number="431" hits="64"/><line number="432" hits="18"/><line number="433" hits="34"/><line number="434" hits="16"/><line number="435" hits="7"/><line number="436" hits="7"/><line number="437" hits="7"/><line number="438" hits="7"/><line number="439" hits="7"/><line number="444" hits="10"/><line number="445" hits="19"/><line number="446" hits="9"/><line number="447" hits="4"/><line number="448" hits="4"/><line number="449" hits="4"/><line number="450" hits="4"/><line number="451" hits="4"/><line number="456" hits="6"/><line number="457" hits="11"/><line number="458" hits="9"/><line number="459" hits="6"/><line number="460" hits="1"/><line number="462" hits="5"/><line number="463" hits="2"/><line number="464" hits="2"/><line number="465" hits="2"/><line number="466" hits="2"/><line number="467" hits="2"/><line number="471" hits="6"/><line number="472" hits="11"/><line number="473" hits="9"/><line number="474" hits="6"/><line number="475" hits="1"/><line number="477" hits="5"/><line number="478" hits="2"/><line number="479" hits="2"/><line number="480" hits="2"/><line number="481" hits="2"/><line number="482" hits="2"/><line number="486" hits="7"/><line number="487" hits="13"/><line number="488" hits="18"/><line number="489" hits="10"/><line number="490" hits="2"/><line number="491" hits="2"/><line number="492" hits="2"/><line number="493" hits="2"/><line number="494" hits="2"/><line number="499" hits="6"/><line number="500" hits="12"/><line number="501" hits="6"/><line number="502" hits="3"/><line number="503" hits="3"/><line number="504" hits="3"/><line number="509" hits="5"/><line number="510" hits="2"/><line number="511" hits="2"/><line number="512" hits="1"/><line number="513" hits="1"/><line number="514" hits="1"/><line number="520" hits="5"/><line number="521" hits="2"/><line number="522" hits="2"/><line number="523" hits="1"/><line number="524" hits="1"/><line number="525" hits="1"/><line number="531" hits="5"/><line number="532" hits="2"/><line number="533" hits="2"/><line number="534" hits="1"/><line number="535" hits="1"/><line number="536" hits="1"/><line number="541" hits="4"/><line number="543" hits="2"/><line number="546" hits="38"/><line number="550" hits="10"/><line number="551" hits="10"/><line number="552" hits="2"/><line number="553" hits="2"/><line number="554" hits="2"/><line number="555" hits="2"/><line number="556" hits="2"/><line number="557" hits="2"/><line number="559" hits="5"/><line number="561" hits="2"/><line number="562" hits="2"/><line number="563" hits="2"/><line number="564" hits="3"/><line number="584" hits="41"/><line number="586" hits="123"/><line number="587" hits="123"/><line number="588" hits="41"/><line number="589" hits="41"/><line number="594" hits="54"/><line number="595" hits="162"/><line number="596" hits="54"/><line number="600" hits="5"/><line number="601" hits="10"/><line number="602" hits="10"/><line number="603" hits="20"/><line number="605" hits="5"/><line number="609" hits="41"/><line number="610" hits="188"/><line number="614" hits="3"/><line number="615" hits="3"/><line number="616" hits="6"/><line number="617" hits="21"/><line number="622" hits="10"/><line number="623" hits="20"/><line number="626" hits="23"/><line number="627" hits="13"/><line number="628" hits="24"/><line number="629" hits="5"/><line number="630" hits="15"/><line number="631" hits="15"/><line number="632" hits="10"/><line number="633" hits="5"/><line number="636" hits="3"/><line number="642" hits="30"/><line number="643" hits="29"/><line number="644" hits="24"/><line number="645" hits="9"/><line number="646" hits="9"/><line number="647" hits="6"/><line number="648" hits="3"/><line number="653" hits="11"/><line number="654" hits="3"/><line number="655" hits="3"/><line number="656" hits="1"/><line number="657" hits="1"/><line number="662" hits="3"/><line number="663" hits="3"/><line number="664" hits="2"/><line number="665" hits="1"/><line number="670" hits="10"/><line number="674" hits="2"/><line number="675" hits="4"/><line number="677" hits="4"/><line number="678" hits="7"/><line number="679" hits="4"/><line number="683" hits="2"/><line number="687" hits="3"/><line number="688" hits="6"/><line number="694" hits="9"/><line number="696" hits="5"/><line number="697" hits="3"/><line number="698" hits="3"/><line number="699" hits="6"/><line number="700" hits="6"/><line number="701" hits="4"/><line number="702" hits="4"/><line number="704" hits="2"/><line number="706" hits="6"/><line number="709" hits="2"/><line number="713" hits="8"/><line number="714" hits="15"/><line number="715" hits="9"/><line number="716" hits="7"/><line number="717" hits="8"/><line number="719" hits="2"/><line number="724" hits="3"/><line number="747" hits="2"/><line number="748" hits="4"/><line number="749" hits="1"/><line number="750" hits="1"/><line number="752" hits="4"/><line number="780" hits="7"/><line number="781" hits="7"/><line number="782" hits="2"/><line number="783" hits="8"/><line number="784" hits="6"/><line number="785" hits="2"/><line number="786" hits="2"/><line number="799" hits="37"/><line number="800" hits="37"/><line number="804" hits="11"/><line number="806" hits="26"/><line number="807" hits="19"/><line number="808" hits="11"/><line number="809" hits="21"/><line number="810" hits="6"/><line number="811" hits="9"/><line number="815" hits="22"/><line number="816" hits="11"/><line number="820" hits="27"/><line number="821" hits="81"/><line number="825" hits="6"/><line number="826" hits="34"/><line number="829" hits="8"/><line number="830" hits="46"/><line number="833" hits="2"/><line number="834" hits="10"/><line number="837" hits="3"/><line number="838" hits="16"/><line number="841" hits="2"/><line number="842" hits="10"/><line number="845" hits="2"/><line number="846" hits="10"/><line number="850" hits="30"/><line number="852" hits="39"/><line number="853" hits="26"/><line number="854" hits="26"/><line number="859" hits="112"/><line number="860" hits="34"/><line number="861" hits="12"/><line number="864" hits="140"/><line number="865" hits="140"/><line number="866" hits="28"/><line number="870" hits="8"/><line number="871" hits="24"/><line number="875" hits="3"/><line number="877" hits="11"/><line number="878" hits="2"/><line number="879" hits="2"/><line number="881" hits="4"/><line number="882" hits="8"/><line number="883" hits="9"/><line number="884" hits="6"/><line number="885" hits="5"/><line number="892" hits="1"/><line number="896" hits="6"/><line number="897" hits="5"/><line number="899" hits="3"/><line number="903" hits="25"/><line number="904" hits="25"/><line number="905" hits="1"/><line number="907" hits="11"/><line number="908" hits="2"/><line number="911" hits="7"/><line number="912" hits="1"/><line number="915" hits="69"/><line number="916" hits="12"/><line number="918" hits="1"/><line number="919" hits="1"/><line number="922" hits="7"/><line number="923" hits="1"/><line number="925" hits="3"/><line number="930" hits="2"/><line number="931" hits="6"/><line number="935" hits="2"/><line number="936" hits="3"/><line number="937" hits="3"/><line number="939" hits="1"/><line number="944" hits="1"/><line number="945" hits="1"/><line number="949" hits="1"/><line number="950" hits="2"/><line number="954" hits="4"/><line number="955" hits="8"/><line number="959" hits="3"/><line number="960" hits="9"/><line number="961" hits="9"/><line number="965" hits="2"/><line number="966" hits="4"/><line number="967" hits="4"/><line number="986" hits="18"/><line number="987" hits="18"/><line number="991" hits="14"/><line number="992" hits="28"/><line number="993" hits="14"/><line number="994" hits="14"/><line number="995" hits="47"/><line number="996" hits="52"/><line number="997" hits="14"/><line number="998" hits="28"/><line number="999" hits="14"/><line number="1003" hits="17"/><line number="1004" hits="34"/><line number="1005" hits="17"/><line number="1006" hits="101"/><line number="1010" hits="4"/><line number="1011" hits="4"/><line number="1015" hits="3"/><line number="1016" hits="6"/><line number="1020" hits="3"/><line number="1021" hits="6"/><line number="1022" hits="1"/><line number="1024" hits="4"/><line number="1028" hits="10"/><line number="1029" hits="19"/><line number="1031" hits="28"/><line number="1034" hits="24"/><line number="1035" hits="32"/><line number="1038" hits="8"/><line number="1041" hits="16"/><line number="1043" hits="1"/><line number="1048" hits="2"/><line number="1049" hits="2"/><line number="1050" hits="1"/><line number="1051" hits="1"/><line number="1053" hits="1"/><line number="1058" hits="5"/><line number="1059" hits="9"/><line number="1060" hits="4"/><line number="1061" hits="2"/><line number="1065" hits="2"/><line number="1066" hits="0"/><line number="1069" hits="2"/><line number="1070" hits="4"/><line number="1072" hits="1"/><line number="1077" hits="5"/><line number="1078" hits="10"/><line number="1082" hits="1"/><line number="1083" hits="1"/><line number="1087" hits="2"/><line number="1088" hits="10"/><line number="1089" hits="24"/><line number="1091" hits="2"/><line number="1095" hits="1"/><line number="1096" hits="1"/><line number="1097" hits="2"/><line number="1116" hits="7"/><line number="1120" hits="7"/><line number="1126" hits="1"/><line number="1127" hits="1"/><line number="1128" hits="1"/><line number="1132" hits="1"/><line number="1133" hits="1"/><line number="1137" hits="6"/><line number="1138" hits="6"/><line number="1139" hits="1"/><line number="1142" hits="15"/><line number="1144" hits="17"/><line number="1146" hits="5"/><line number="1147" hits="2"/><line number="1148" hits="4"/><line number="1151" hits="3"/><line number="1155" hits="2"/><line number="1156" hits="2"/><line number="1160" hits="1"/><line number="1161" hits="1"/><line number="1165" hits="3"/><line number="1166" hits="3"/></lines></class></classes></package></packages></coverage>