
running 3 tests
. 1/3
tests::test_concurrent_race --- FAILED
tests::test_snapshot_consistency --- FAILED

failures:

---- tests::test_concurrent_race stdout ----

thread 'tests::test_concurrent_race' (32087402) panicked at src/lib.rs:172:9:
assertion `left == right` failed: completed (0) + failed (10) should equal 20
  left: 10
 right: 20
note: run with `RUST_BACKTRACE=1` environment variable to display a backtrace

---- tests::test_snapshot_consistency stdout ----

thread 'tests::test_snapshot_consistency' (32087404) panicked at src/lib.rs:247:9:
assertion `left == right` failed: all tasks completed, expected 50 but got 0
  left: 0
 right: 50


failures:
    tests::test_concurrent_race
    tests::test_snapshot_consistency

test result: FAILED. 1 passed; 2 failed; 0 ignored; 0 measured; 0 filtered out; finished in 0.00s

error: test failed, to rerun pass `--lib`
